2020-02-26 14:31:15,027 [      0]   INFO -        #com.intellij.idea.Main - ------------------------------------------------------ IDE STARTED ------------------------------------------------------ 
2020-02-26 14:31:15,086 [     59]   INFO -        #com.intellij.idea.Main - IDE: IntelliJ IDEA (build #IC-183.4284.148, 21 Nov 2018 14:15) 
2020-02-26 14:31:15,086 [     59]   INFO -        #com.intellij.idea.Main - OS: Mac OS X (10.14.6, x86_64) 
2020-02-26 14:31:15,086 [     59]   INFO -        #com.intellij.idea.Main - JRE: 1.8.0_152-release-1343-b15 (JetBrains s.r.o) 
2020-02-26 14:31:15,086 [     59]   INFO -        #com.intellij.idea.Main - JVM: 25.152-b15 (OpenJDK 64-Bit Server VM) 
2020-02-26 14:31:15,099 [     72]   INFO -        #com.intellij.idea.Main - JVM Args: -Dapple.awt.fileDialogForDirectories=true -Dapple.laf.useScreenMenuBar=true -Didea.classpath.index.enabled=false -Didea.config.path=/Users/ynpan/IdeaProjects/code-review-plugin/build/idea-sandbox/config -Didea.is.internal=true -Didea.platform.prefix=Idea -Didea.plugins.path=/Users/ynpan/IdeaProjects/code-review-plugin/build/idea-sandbox/plugins -Didea.required.plugins.id=practice.code-review-plugin -Didea.smooth.progress=false -Didea.system.path=/Users/ynpan/IdeaProjects/code-review-plugin/build/idea-sandbox/system -Xms256m -Xmx512m -Dfile.encoding=UTF-8 -Duser.country=CN -Duser.language=en -Duser.variant -ea 
2020-02-26 14:31:15,100 [     73]   INFO -        #com.intellij.idea.Main - ext: /Users/ynpan/.gradle/caches/modules-2/files-2.1/com.jetbrains/jbre/jbrex8u152b1343.15_osx_x64/jdk/Contents/Home/jre/lib/ext: [sunec.jar, nashorn.jar, cldrdata.jar, jfxrt.jar, dnsns.jar, localedata.jar, sunjce_provider.jar, meta-index, sunpkcs11.jar, jaccess.jar, zipfs.jar] 
2020-02-26 14:31:15,100 [     73]   INFO -        #com.intellij.idea.Main - ext: /System/Library/Java/Extensions: [MRJToolkit.jar] 
2020-02-26 14:31:15,100 [     73]   INFO -        #com.intellij.idea.Main - charsets: JNU=UTF-8 file=UTF-8 
2020-02-26 14:31:15,120 [     93]   INFO -        #com.intellij.idea.Main - JNA library (64-bit) loaded in 20 ms 
2020-02-26 14:31:15,159 [    132]   INFO -        #com.intellij.idea.Main - initializing environment 
2020-02-26 14:31:15,162 [    135]   INFO - .intellij.util.EnvironmentUtil - loading shell env: /bin/zsh -l -i -c '/Users/ynpan/.gradle/caches/modules-2/files-2.1/com.jetbrains.intellij.idea/ideaIC/2018.3/70e72bdc97f330ebe4f06ad307d8928ea903cf87/ideaIC-2018.3/bin/printenv.py' '/private/var/folders/gg/vrrf_s6s1gxf4z1t9pqbww340000gp/T/intellij-shell-env.tmp' 
2020-02-26 14:31:15,796 [    769]   INFO - .intellij.util.EnvironmentUtil - shell environment loaded (18 vars) 
2020-02-26 14:31:18,883 [   3856]   INFO -     #com.intellij.util.ui.JBUI - User scale factor: 1.0 
2020-02-26 14:31:19,284 [   4257]   INFO -     #com.intellij.util.ui.JBUI - System scale factor: 2.0 (JRE-managed HiDPI) 
2020-02-26 14:31:22,934 [   7907]   INFO - .intellij.idea.IdeaApplication - CPU cores: 12; ForkJoinPool.commonPool: java.util.concurrent.ForkJoinPool@4b7e2e8a[Running, parallelism = 11, size = 0, active = 0, running = 0, steals = 0, tasks = 0, submissions = 0]; factory: com.intellij.concurrency.IdeaForkJoinWorkerThreadFactory@130fb263 
2020-02-26 14:31:25,029 [  10002]   INFO - llij.ide.plugins.PluginManager - Cannot find optional descriptor duplicates-groovy.xml 
2020-02-26 14:31:25,299 [  10272]   INFO - llij.ide.plugins.PluginManager - 36 plugins initialized in 2039 ms 
2020-02-26 14:31:25,299 [  10272]   INFO - llij.ide.plugins.PluginManager - Loaded bundled plugins: Android Support (10.3.1.2), Ant Support (1.0), Bytecode Viewer (0.1), CVS Integration (11), Copyright (8.1), Coverage (183.4284.148), Eclipse Integration (3.0), EditorConfig (183.4284.148), Git Integration (8.1), GitHub (183.4284.148), Gradle (183.4284.148), Groovy (9.0), I18n for Java (183.4284.148), IDEA CORE (183.4284.148), IntelliJ Configuration Script (183.4284.148), IntelliLang (8.0), JUnit (1.0), Java Bytecode Decompiler (183.4284.148), Java Stream Debugger (183.4284.148), JavaFX (1.0), Kotlin (1.3.0-release-IJ2018.3-1), Maven Integration (183.4284.148), Mercurial Integration (10.0), Plugin DevKit (1.0), Properties Support (183.4284.148), Settings Repository (183.4284.148), Smali Support (1.0), Subversion Integration (1.1), Task Management (1.0), Terminal (0.1), TestNG-J (8.0), UI Designer (183.4284.148), XPathView + XSLT Support (4), XSLT-Debugger (1.4), YAML (183.4284.148) 
2020-02-26 14:31:25,300 [  10273]   INFO - llij.ide.plugins.PluginManager - Loaded custom plugins: Plugin display name here (1.0-SNAPSHOT) 
2020-02-26 14:31:27,685 [  12658]   INFO - ellij.vfs.persistent.FSRecords - Marking VFS as corrupted: '/Users/ynpan/IdeaProjects/code-review-plugin/build/idea-sandbox/system/caches/names.dat' does not exist 
2020-02-26 14:31:27,686 [  12659]   INFO - ellij.util.io.PagedFileStorage - lower=100; upper=435; buffer=10; max=435 
2020-02-26 14:31:27,717 [  12690]   INFO - pl.local.NativeFileWatcherImpl - Starting file watcher: /Users/ynpan/.gradle/caches/modules-2/files-2.1/com.jetbrains.intellij.idea/ideaIC/2018.3/70e72bdc97f330ebe4f06ad307d8928ea903cf87/ideaIC-2018.3/bin/mac/fsnotifier 
2020-02-26 14:31:27,736 [  12709]   INFO - pl.local.NativeFileWatcherImpl - Native file watcher is operational. 
2020-02-26 14:31:28,398 [  13371]   INFO - .history.utils.LocalHistoryLog - local history version mismatch (was: 0, expected: 6), rebuilding... 
2020-02-26 14:31:28,398 [  13371]   INFO - .history.utils.LocalHistoryLog - FS has been rebuild, rebuilding local history... 
2020-02-26 14:31:28,831 [  13804]   INFO - j.ide.ui.OptionsTopHitProvider - 146 ms spent to cache options in application 
2020-02-26 14:31:28,831 [  13804]   INFO - .openapi.application.Preloader - com.intellij.ide.ui.OptionsTopHitProvider$Activity took 146 ms 
2020-02-26 14:31:28,867 [  13840]   INFO - til.net.ssl.CertificateManager - Default SSL context initialized 
2020-02-26 14:31:28,881 [  13854]   INFO - rains.ide.BuiltInServerManager - built-in server started, port 63343 
2020-02-26 14:31:28,983 [  13956]   INFO - m.intellij.ui.mac.touchbar.NST - nst library works properly, successfully created and released native touchbar object 
2020-02-26 14:31:29,070 [  14043]   INFO - gs.impl.UpdateCheckerComponent - channel: release 
2020-02-26 14:31:29,368 [  14341]   INFO - il.indexing.FileBasedIndexImpl - Index exts enumerated:241, number of extensions:49 
2020-02-26 14:31:29,380 [  14353]   INFO - il.indexing.FileBasedIndexImpl - Index scheduled:11 
2020-02-26 14:31:29,420 [  14393]   INFO - tellij.psi.stubs.StubIndexImpl - All stub exts enumerated:38, number of extensions:50 
2020-02-26 14:31:29,421 [  14394]   INFO - tellij.psi.stubs.StubIndexImpl - stub exts update scheduled:0 
2020-02-26 14:31:29,885 [  14858]   INFO - ij.psi.stubs.StubUpdatingIndex - Following new file types will be indexed:Kotlin,Properties,Groovy,JAVA,HTML,XML,kotlin_builtins,KNM,DGM File Type,CLASS,KJSM 
2020-02-26 14:31:30,415 [  15388]   INFO - pl$FileIndexDataInitialization - Initialization done:1035 
2020-02-26 14:31:30,533 [  15506]   INFO - exImpl$StubIndexInitialization - Initialization done:117 
2020-02-26 14:31:31,611 [  16584]   INFO - plication.impl.ApplicationImpl - 85 application components initialized in 8358ms 
2020-02-26 14:31:31,635 [  16608]   INFO - .intellij.idea.IdeaApplication - App initialization took 17961 ms 
2020-02-26 14:31:31,636 [  16609]   INFO - llij.ide.plugins.PluginManager - org.jetbrains.kotlin loaded 1124 classes 
2020-02-26 14:31:31,636 [  16609]   INFO - llij.ide.plugins.PluginManager - org.intellij.groovy loaded 380 classes 
2020-02-26 14:31:31,636 [  16609]   INFO - llij.ide.plugins.PluginManager - org.jetbrains.android loaded 346 classes 
2020-02-26 14:31:31,636 [  16609]   INFO - llij.ide.plugins.PluginManager - org.jetbrains.idea.maven loaded 105 classes 
2020-02-26 14:31:31,636 [  16609]   INFO - llij.ide.plugins.PluginManager - CVS loaded 62 classes 
2020-02-26 14:31:31,636 [  16609]   INFO - llij.ide.plugins.PluginManager - Git4Idea loaded 50 classes 
2020-02-26 14:31:31,636 [  16609]   INFO - llij.ide.plugins.PluginManager - com.intellij.uiDesigner loaded 45 classes 
2020-02-26 14:31:31,636 [  16609]   INFO - llij.ide.plugins.PluginManager - Subversion loaded 37 classes 
2020-02-26 14:31:31,636 [  16609]   INFO - llij.ide.plugins.PluginManager - com.intellij.properties loaded 36 classes 
2020-02-26 14:31:31,636 [  16609]   INFO - llij.ide.plugins.PluginManager - hg4idea loaded 36 classes 
2020-02-26 14:31:31,636 [  16609]   INFO - llij.ide.plugins.PluginManager - org.jetbrains.settingsRepository loaded 35 classes 
2020-02-26 14:31:31,636 [  16609]   INFO - llij.ide.plugins.PluginManager - XPathView loaded 29 classes 
2020-02-26 14:31:31,636 [  16609]   INFO - llij.ide.plugins.PluginManager - com.intellij.tasks loaded 27 classes 
2020-02-26 14:31:31,636 [  16609]   INFO - llij.ide.plugins.PluginManager - org.jetbrains.plugins.yaml loaded 22 classes 
2020-02-26 14:31:31,636 [  16609]   INFO - llij.ide.plugins.PluginManager - org.editorconfig.editorconfigjetbrains loaded 21 classes 
2020-02-26 14:31:31,636 [  16609]   INFO - llij.ide.plugins.PluginManager - DevKit loaded 18 classes 
2020-02-26 14:31:31,636 [  16609]   INFO - llij.ide.plugins.PluginManager - AntSupport loaded 17 classes 
2020-02-26 14:31:31,636 [  16609]   INFO - llij.ide.plugins.PluginManager - org.jetbrains.plugins.gradle loaded 17 classes 
2020-02-26 14:31:31,636 [  16609]   INFO - llij.ide.plugins.PluginManager - org.jetbrains.plugins.javaFX loaded 15 classes 
2020-02-26 14:31:31,636 [  16609]   INFO - llij.ide.plugins.PluginManager - org.jetbrains.plugins.github loaded 14 classes 
2020-02-26 14:31:31,636 [  16609]   INFO - llij.ide.plugins.PluginManager - org.jetbrains.java.decompiler loaded 7 classes 
2020-02-26 14:31:31,636 [  16609]   INFO - llij.ide.plugins.PluginManager - com.android.tools.idea.smali loaded 5 classes 
2020-02-26 14:31:31,636 [  16609]   INFO - llij.ide.plugins.PluginManager - org.intellij.intelliLang loaded 4 classes 
2020-02-26 14:31:31,636 [  16609]   INFO - llij.ide.plugins.PluginManager - com.intellij.java-i18n loaded 4 classes 
2020-02-26 14:31:31,636 [  16609]   INFO - llij.ide.plugins.PluginManager - org.jetbrains.plugins.terminal loaded 3 classes 
2020-02-26 14:31:31,636 [  16609]   INFO - llij.ide.plugins.PluginManager - com.intellij.copyright loaded 3 classes 
2020-02-26 14:31:31,636 [  16609]   INFO - llij.ide.plugins.PluginManager - org.jetbrains.idea.eclipse loaded 2 classes 
2020-02-26 14:31:31,636 [  16609]   INFO - llij.ide.plugins.PluginManager - JUnit loaded 2 classes 
2020-02-26 14:31:31,636 [  16609]   INFO - llij.ide.plugins.PluginManager - Coverage loaded 2 classes 
2020-02-26 14:31:31,636 [  16609]   INFO - llij.ide.plugins.PluginManager - ByteCodeViewer loaded 2 classes 
2020-02-26 14:31:31,636 [  16609]   INFO - llij.ide.plugins.PluginManager - practice.code-review-plugin loaded 1 classes 
2020-02-26 14:31:32,214 [  17187]   INFO - .openapi.application.Preloader - com.intellij.openapi.actionSystem.impl.ActionPreloader took 3380 ms 
2020-02-26 14:31:32,271 [  17244]   INFO - com.intellij.ide.ui.UISettings - Loaded: fontSize=12, fontScale=1.0; restored: fontSize=12, fontScale=1.0 
2020-02-26 14:31:32,389 [  17362]   INFO - pi.util.registry.RegistryValue - Registry value 'java.completion.argument.hints' has changed to 'false" 
2020-02-26 14:31:32,389 [  17362]   INFO - pi.util.registry.RegistryValue - Registry value 'java.completion.argument.hints.internal' has changed to 'false" 
2020-02-26 14:31:33,082 [  18055]   INFO - j.ide.ui.OptionsTopHitProvider - 863 ms spent on EDT to cache options in application 
2020-02-26 14:31:33,806 [  18779]   INFO - .openapi.application.Preloader - com.intellij.ide.ui.search.SearchableOptionPreloader took 1591 ms 
2020-02-26 14:31:33,988 [  18961]   INFO - .openapi.application.Preloader - com.intellij.codeInsight.completion.CompletionPreloader took 181 ms 
2020-02-26 14:31:33,992 [  18965]   INFO - .openapi.application.Preloader - com.intellij.ide.actions.GotoClassPresentationUpdater took 3 ms 
2020-02-26 14:31:57,783 [  42756]   INFO - il.indexing.FileBasedIndexImpl - START INDEX SHUTDOWN 
2020-02-26 14:31:57,801 [  42774]   INFO - il.indexing.FileBasedIndexImpl - END INDEX SHUTDOWN 
2020-02-26 14:31:57,801 [  42774]   INFO - stubs.SerializationManagerImpl - START StubSerializationManager SHUTDOWN 
2020-02-26 14:31:57,801 [  42774]   INFO - stubs.SerializationManagerImpl - END StubSerializationManager SHUTDOWN 
2020-02-26 14:31:57,804 [  42777]   INFO - newvfs.persistent.PersistentFS - VFS dispose started 
2020-02-26 14:31:57,804 [  42777]   INFO - newvfs.persistent.PersistentFS - VFS dispose completed 
2020-02-26 14:31:57,804 [  42777]   INFO -        #com.intellij.idea.Main - ------------------------------------------------------ IDE SHUTDOWN ------------------------------------------------------ 
2020-02-26 14:31:57,805 [  42778]   INFO - org.jetbrains.io.BuiltInServer - web server stopped 
2020-02-26 15:22:14,011 [      0]   INFO -        #com.intellij.idea.Main - ------------------------------------------------------ IDE STARTED ------------------------------------------------------ 
2020-02-26 15:22:14,056 [     45]   INFO -        #com.intellij.idea.Main - IDE: IntelliJ IDEA (build #IC-183.4284.148, 21 Nov 2018 14:14) 
2020-02-26 15:22:14,056 [     45]   INFO -        #com.intellij.idea.Main - OS: Mac OS X (10.14.6, x86_64) 
2020-02-26 15:22:14,056 [     45]   INFO -        #com.intellij.idea.Main - JRE: 1.8.0_152-release-1343-b15 (JetBrains s.r.o) 
2020-02-26 15:22:14,056 [     45]   INFO -        #com.intellij.idea.Main - JVM: 25.152-b15 (OpenJDK 64-Bit Server VM) 
2020-02-26 15:22:14,068 [     57]   INFO -        #com.intellij.idea.Main - JVM Args: -Dapple.awt.fileDialogForDirectories=true -Dapple.laf.useScreenMenuBar=true -Didea.classpath.index.enabled=false -Didea.config.path=/Users/ynpan/IdeaProjects/code-review-plugin/build/idea-sandbox/config -Didea.is.internal=true -Didea.platform.prefix=Idea -Didea.plugins.path=/Users/ynpan/IdeaProjects/code-review-plugin/build/idea-sandbox/plugins -Didea.required.plugins.id=practice.code-review-plugin -Didea.smooth.progress=false -Didea.system.path=/Users/ynpan/IdeaProjects/code-review-plugin/build/idea-sandbox/system -Xms256m -Xmx512m -Dfile.encoding=UTF-8 -Duser.country=CN -Duser.language=en -Duser.variant -ea 
2020-02-26 15:22:14,068 [     57]   INFO -        #com.intellij.idea.Main - ext: /Users/ynpan/.gradle/caches/modules-2/files-2.1/com.jetbrains/jbre/jbrex8u152b1343.15_osx_x64/jdk/Contents/Home/jre/lib/ext: [sunec.jar, nashorn.jar, cldrdata.jar, jfxrt.jar, dnsns.jar, localedata.jar, sunjce_provider.jar, meta-index, sunpkcs11.jar, jaccess.jar, zipfs.jar] 
2020-02-26 15:22:14,068 [     57]   INFO -        #com.intellij.idea.Main - ext: /System/Library/Java/Extensions: [MRJToolkit.jar] 
2020-02-26 15:22:14,068 [     57]   INFO -        #com.intellij.idea.Main - charsets: JNU=UTF-8 file=UTF-8 
2020-02-26 15:22:14,091 [     80]   INFO -        #com.intellij.idea.Main - JNA library (64-bit) loaded in 23 ms 
2020-02-26 15:22:14,140 [    129]   INFO -        #com.intellij.idea.Main - initializing environment 
2020-02-26 15:22:14,141 [    130]   INFO - .intellij.util.EnvironmentUtil - loading shell env: /bin/zsh -l -i -c '/Users/ynpan/.gradle/caches/modules-2/files-2.1/com.jetbrains.intellij.idea/ideaIC/2018.3/70e72bdc97f330ebe4f06ad307d8928ea903cf87/ideaIC-2018.3/bin/printenv.py' '/private/var/folders/gg/vrrf_s6s1gxf4z1t9pqbww340000gp/T/intellij-shell-env.tmp' 
2020-02-26 15:22:14,688 [    677]   INFO - .intellij.util.EnvironmentUtil - shell environment loaded (18 vars) 
2020-02-26 15:22:17,201 [   3190]   INFO -     #com.intellij.util.ui.JBUI - User scale factor: 1.0 
2020-02-26 15:22:17,584 [   3573]   INFO -     #com.intellij.util.ui.JBUI - System scale factor: 2.0 (JRE-managed HiDPI) 
2020-02-26 15:22:19,061 [   5050]   INFO - .intellij.idea.IdeaApplication - CPU cores: 12; ForkJoinPool.commonPool: java.util.concurrent.ForkJoinPool@3273b77b[Running, parallelism = 11, size = 0, active = 0, running = 0, steals = 0, tasks = 0, submissions = 0]; factory: com.intellij.concurrency.IdeaForkJoinWorkerThreadFactory@37760618 
2020-02-26 15:22:19,879 [   5868]   INFO - llij.ide.plugins.PluginManager - Cannot find optional descriptor duplicates-groovy.xml 
2020-02-26 15:22:20,307 [   6296]   INFO - llij.ide.plugins.PluginManager - 36 plugins initialized in 911 ms 
2020-02-26 15:22:20,309 [   6298]   INFO - llij.ide.plugins.PluginManager - Loaded bundled plugins: Android Support (10.3.1.2), Ant Support (1.0), Bytecode Viewer (0.1), CVS Integration (11), Copyright (8.1), Coverage (183.4284.148), Eclipse Integration (3.0), EditorConfig (183.4284.148), Git Integration (8.1), GitHub (183.4284.148), Gradle (183.4284.148), Groovy (9.0), I18n for Java (183.4284.148), IDEA CORE (183.4284.148), IntelliJ Configuration Script (183.4284.148), IntelliLang (8.0), JUnit (1.0), Java Bytecode Decompiler (183.4284.148), Java Stream Debugger (183.4284.148), JavaFX (1.0), Kotlin (1.3.0-release-IJ2018.3-1), Maven Integration (183.4284.148), Mercurial Integration (10.0), Plugin DevKit (1.0), Properties Support (183.4284.148), Settings Repository (183.4284.148), Smali Support (1.0), Subversion Integration (1.1), Task Management (1.0), Terminal (0.1), TestNG-J (8.0), UI Designer (183.4284.148), XPathView + XSLT Support (4), XSLT-Debugger (1.4), YAML (183.4284.148) 
2020-02-26 15:22:20,309 [   6298]   INFO - llij.ide.plugins.PluginManager - Loaded custom plugins: Plugin display name here (1.0-SNAPSHOT) 
2020-02-26 15:22:21,750 [   7739]   INFO - ellij.util.io.PagedFileStorage - lower=100; upper=435; buffer=10; max=435 
2020-02-26 15:22:21,800 [   7789]   INFO - pl.local.NativeFileWatcherImpl - Starting file watcher: /Users/ynpan/.gradle/caches/modules-2/files-2.1/com.jetbrains.intellij.idea/ideaIC/2018.3/70e72bdc97f330ebe4f06ad307d8928ea903cf87/ideaIC-2018.3/bin/mac/fsnotifier 
2020-02-26 15:22:21,817 [   7806]   INFO - pl.local.NativeFileWatcherImpl - Native file watcher is operational. 
2020-02-26 15:22:22,675 [   8664]   INFO - j.ide.ui.OptionsTopHitProvider - 137 ms spent to cache options in application 
2020-02-26 15:22:22,675 [   8664]   INFO - .openapi.application.Preloader - com.intellij.ide.ui.OptionsTopHitProvider$Activity took 137 ms 
2020-02-26 15:22:22,687 [   8676]   INFO - til.net.ssl.CertificateManager - Default SSL context initialized 
2020-02-26 15:22:22,701 [   8690]   INFO - rains.ide.BuiltInServerManager - built-in server started, port 63343 
2020-02-26 15:22:22,784 [   8773]   INFO - m.intellij.ui.mac.touchbar.NST - nst library works properly, successfully created and released native touchbar object 
2020-02-26 15:22:22,858 [   8847]   INFO - gs.impl.UpdateCheckerComponent - channel: release 
2020-02-26 15:22:23,141 [   9130]   INFO - il.indexing.FileBasedIndexImpl - Index exts enumerated:237, number of extensions:49 
2020-02-26 15:22:23,158 [   9147]   INFO - il.indexing.FileBasedIndexImpl - Index scheduled:16 
2020-02-26 15:22:23,187 [   9176]   INFO - tellij.psi.stubs.StubIndexImpl - All stub exts enumerated:27, number of extensions:50 
2020-02-26 15:22:23,188 [   9177]   INFO - tellij.psi.stubs.StubIndexImpl - stub exts update scheduled:0 
2020-02-26 15:22:23,716 [   9705]   INFO - plication.impl.ApplicationImpl - 85 application components initialized in 4323ms 
2020-02-26 15:22:23,839 [   9828]   INFO - .intellij.idea.IdeaApplication - App initialization took 11056 ms 
2020-02-26 15:22:23,839 [   9828]   INFO - llij.ide.plugins.PluginManager - org.jetbrains.kotlin loaded 635 classes 
2020-02-26 15:22:23,839 [   9828]   INFO - llij.ide.plugins.PluginManager - org.intellij.groovy loaded 371 classes 
2020-02-26 15:22:23,839 [   9828]   INFO - llij.ide.plugins.PluginManager - org.jetbrains.android loaded 178 classes 
2020-02-26 15:22:23,839 [   9828]   INFO - llij.ide.plugins.PluginManager - org.jetbrains.idea.maven loaded 55 classes 
2020-02-26 15:22:23,839 [   9828]   INFO - llij.ide.plugins.PluginManager - CVS loaded 40 classes 
2020-02-26 15:22:23,840 [   9829]   INFO - llij.ide.plugins.PluginManager - com.intellij.properties loaded 33 classes 
2020-02-26 15:22:23,840 [   9829]   INFO - llij.ide.plugins.PluginManager - org.jetbrains.settingsRepository loaded 31 classes 
2020-02-26 15:22:23,840 [   9829]   INFO - llij.ide.plugins.PluginManager - XPathView loaded 20 classes 
2020-02-26 15:22:23,840 [   9829]   INFO - llij.ide.plugins.PluginManager - Git4Idea loaded 19 classes 
2020-02-26 15:22:23,840 [   9829]   INFO - llij.ide.plugins.PluginManager - hg4idea loaded 19 classes 
2020-02-26 15:22:23,840 [   9829]   INFO - llij.ide.plugins.PluginManager - com.intellij.uiDesigner loaded 17 classes 
2020-02-26 15:22:23,840 [   9829]   INFO - llij.ide.plugins.PluginManager - org.editorconfig.editorconfigjetbrains loaded 17 classes 
2020-02-26 15:22:23,840 [   9829]   INFO - llij.ide.plugins.PluginManager - com.intellij.tasks loaded 17 classes 
2020-02-26 15:22:23,840 [   9829]   INFO - llij.ide.plugins.PluginManager - Subversion loaded 15 classes 
2020-02-26 15:22:23,840 [   9829]   INFO - llij.ide.plugins.PluginManager - org.jetbrains.plugins.javaFX loaded 14 classes 
2020-02-26 15:22:23,840 [   9829]   INFO - llij.ide.plugins.PluginManager - org.jetbrains.plugins.yaml loaded 14 classes 
2020-02-26 15:22:23,840 [   9829]   INFO - llij.ide.plugins.PluginManager - org.jetbrains.plugins.gradle loaded 8 classes 
2020-02-26 15:22:23,840 [   9829]   INFO - llij.ide.plugins.PluginManager - org.jetbrains.plugins.github loaded 7 classes 
2020-02-26 15:22:23,840 [   9829]   INFO - llij.ide.plugins.PluginManager - AntSupport loaded 6 classes 
2020-02-26 15:22:23,840 [   9829]   INFO - llij.ide.plugins.PluginManager - DevKit loaded 6 classes 
2020-02-26 15:22:23,840 [   9829]   INFO - llij.ide.plugins.PluginManager - com.android.tools.idea.smali loaded 5 classes 
2020-02-26 15:22:23,840 [   9829]   INFO - llij.ide.plugins.PluginManager - org.intellij.intelliLang loaded 4 classes 
2020-02-26 15:22:23,840 [   9829]   INFO - llij.ide.plugins.PluginManager - org.jetbrains.plugins.terminal loaded 3 classes 
2020-02-26 15:22:23,840 [   9829]   INFO - llij.ide.plugins.PluginManager - org.jetbrains.idea.eclipse loaded 2 classes 
2020-02-26 15:22:23,840 [   9829]   INFO - llij.ide.plugins.PluginManager - practice.code-review-plugin loaded 2 classes 
2020-02-26 15:22:23,840 [   9829]   INFO - llij.ide.plugins.PluginManager - com.intellij.java-i18n loaded 1 classes 
2020-02-26 15:22:23,840 [   9829]   INFO - llij.ide.plugins.PluginManager - com.intellij.copyright loaded 1 classes 
2020-02-26 15:22:23,840 [   9829]   INFO - llij.ide.plugins.PluginManager - Coverage loaded 1 classes 
2020-02-26 15:22:24,347 [  10336]   INFO - pi.util.registry.RegistryValue - Registry value 'java.completion.argument.hints' has changed to 'false" 
2020-02-26 15:22:24,347 [  10336]   INFO - pi.util.registry.RegistryValue - Registry value 'java.completion.argument.hints.internal' has changed to 'false" 
2020-02-26 15:22:24,358 [  10347]   INFO - pl$FileIndexDataInitialization - Initialization done:1200 
2020-02-26 15:22:24,366 [  10355]   INFO - com.intellij.ide.ui.UISettings - Loaded: fontSize=12, fontScale=1.0; restored: fontSize=12, fontScale=1.0 
2020-02-26 15:22:24,616 [  10605]   INFO - j.ide.ui.OptionsTopHitProvider - 500 ms spent on EDT to cache options in application 
2020-02-26 15:22:25,226 [  11215]   INFO - .openapi.application.Preloader - com.intellij.openapi.actionSystem.impl.ActionPreloader took 2549 ms 
2020-02-26 15:22:25,285 [  11274]   INFO - exImpl$StubIndexInitialization - Initialization done:926 
2020-02-26 15:22:26,032 [  12021]   INFO - .openapi.application.Preloader - com.intellij.ide.ui.search.SearchableOptionPreloader took 805 ms 
2020-02-26 15:22:26,222 [  12211]   INFO - .openapi.application.Preloader - com.intellij.codeInsight.completion.CompletionPreloader took 188 ms 
2020-02-26 15:22:26,225 [  12214]   INFO - .openapi.application.Preloader - com.intellij.ide.actions.GotoClassPresentationUpdater took 3 ms 
2020-02-26 15:23:47,599 [  93588]   INFO - plication.impl.ApplicationImpl - ApplicationImpl.externalInstanceListener invocation 
2020-02-26 15:23:47,600 [  93589]   INFO - ellij.ide.CommandLineProcessor - External command line: 
2020-02-26 15:23:47,600 [  93589]   INFO - ellij.ide.CommandLineProcessor - Dir: /Users/ynpan/.gradle/caches/modules-2/files-2.1/com.jetbrains.intellij.idea/ideaIC/2018.3/70e72bdc97f330ebe4f06ad307d8928ea903cf87/ideaIC-2018.3/bin/. 
2020-02-26 15:23:47,600 [  93589]   INFO - ellij.ide.CommandLineProcessor - ----- 
2020-02-26 15:23:55,748 [ 101737]   INFO - stubs.SerializationManagerImpl - START StubSerializationManager SHUTDOWN 
2020-02-26 15:23:55,748 [ 101737]   INFO - stubs.SerializationManagerImpl - END StubSerializationManager SHUTDOWN 
2020-02-26 15:23:55,749 [ 101738]   INFO - il.indexing.FileBasedIndexImpl - START INDEX SHUTDOWN 
2020-02-26 15:23:55,761 [ 101750]   INFO - il.indexing.FileBasedIndexImpl - END INDEX SHUTDOWN 
2020-02-26 15:23:55,763 [ 101752]   INFO - org.jetbrains.io.BuiltInServer - web server stopped 
2020-02-26 15:23:55,765 [ 101754]   INFO - Types.impl.FileTypeManagerImpl - FileTypeManager: 0 auto-detected files
Elapsed time on auto-detect: 0 ms 
2020-02-26 15:23:55,767 [ 101756]   INFO - pl.local.NativeFileWatcherImpl - Watcher terminated with exit code 0 
2020-02-26 15:23:55,768 [ 101757]   INFO - newvfs.persistent.PersistentFS - VFS dispose started 
2020-02-26 15:23:55,769 [ 101758]   INFO - newvfs.persistent.PersistentFS - VFS dispose completed 
2020-02-26 15:23:55,770 [ 101759]   INFO - plication.impl.ApplicationImpl - Write action Statistics:
Event number:     1
Total time spent: 99ms
Average duration: 99ms
Median  duration: 0ms
Max     duration: 99ms (it was 'write action (class com.intellij.openapi.projectRoots.impl.DefaultJdkConfigurator$$Lambda$264/1815233726)') 
2020-02-26 15:23:55,770 [ 101759]   INFO - plication.impl.ApplicationImpl - AnAction.update() Statistics:
Event number:     188
Total time spent: 0ms
Average duration: 0ms
Median  duration: 0ms
Max     duration: 0ms (it was 'null') 
2020-02-26 15:23:55,770 [ 101759]   INFO - plication.impl.ApplicationImpl - Global instance threads created counter = 16; ProcessIOExecutorService threads: 6 
2020-02-26 15:23:55,771 [ 101760]   INFO -        #com.intellij.idea.Main - ------------------------------------------------------ IDE SHUTDOWN ------------------------------------------------------ 
2020-02-26 15:23:55,774 [ 101763]   INFO - org.jetbrains.io.BuiltInServer - web server stopped 
2020-02-27 11:17:30,666 [      0]   INFO -        #com.intellij.idea.Main - ------------------------------------------------------ IDE STARTED ------------------------------------------------------ 
2020-02-27 11:17:30,698 [     32]   INFO -        #com.intellij.idea.Main - IDE: IntelliJ IDEA (build #IC-183.4284.148, 21 Nov 2018 14:30) 
2020-02-27 11:17:30,698 [     32]   INFO -        #com.intellij.idea.Main - OS: Mac OS X (10.14.6, x86_64) 
2020-02-27 11:17:30,698 [     32]   INFO -        #com.intellij.idea.Main - JRE: 1.8.0_152-release-1343-b15 (JetBrains s.r.o) 
2020-02-27 11:17:30,698 [     32]   INFO -        #com.intellij.idea.Main - JVM: 25.152-b15 (OpenJDK 64-Bit Server VM) 
2020-02-27 11:17:30,710 [     44]   INFO -        #com.intellij.idea.Main - JVM Args: -Dapple.awt.fileDialogForDirectories=true -Dapple.laf.useScreenMenuBar=true -Didea.classpath.index.enabled=false -Didea.config.path=/Users/ynpan/IdeaProjects/code-review-plugin/build/idea-sandbox/config -Didea.is.internal=true -Didea.platform.prefix=Idea -Didea.plugins.path=/Users/ynpan/IdeaProjects/code-review-plugin/build/idea-sandbox/plugins -Didea.required.plugins.id=practice.code-review-plugin -Didea.smooth.progress=false -Didea.system.path=/Users/ynpan/IdeaProjects/code-review-plugin/build/idea-sandbox/system -Xms256m -Xmx512m -Dfile.encoding=UTF-8 -Duser.country=CN -Duser.language=en -Duser.variant -ea 
2020-02-27 11:17:30,710 [     44]   INFO -        #com.intellij.idea.Main - ext: /Users/ynpan/.gradle/caches/modules-2/files-2.1/com.jetbrains/jbre/jbrex8u152b1343.15_osx_x64/jdk/Contents/Home/jre/lib/ext: [sunec.jar, nashorn.jar, cldrdata.jar, jfxrt.jar, dnsns.jar, localedata.jar, sunjce_provider.jar, meta-index, sunpkcs11.jar, jaccess.jar, zipfs.jar] 
2020-02-27 11:17:30,710 [     44]   INFO -        #com.intellij.idea.Main - ext: /System/Library/Java/Extensions: [MRJToolkit.jar] 
2020-02-27 11:17:30,711 [     45]   INFO -        #com.intellij.idea.Main - charsets: JNU=UTF-8 file=UTF-8 
2020-02-27 11:17:30,728 [     62]   INFO -        #com.intellij.idea.Main - JNA library (64-bit) loaded in 17 ms 
2020-02-27 11:17:30,756 [     90]   INFO -        #com.intellij.idea.Main - initializing environment 
2020-02-27 11:17:30,757 [     91]   INFO - .intellij.util.EnvironmentUtil - loading shell env: /bin/zsh -l -i -c '/Users/ynpan/.gradle/caches/modules-2/files-2.1/com.jetbrains.intellij.idea/ideaIC/2018.3/70e72bdc97f330ebe4f06ad307d8928ea903cf87/ideaIC-2018.3/bin/printenv.py' '/private/var/folders/gg/vrrf_s6s1gxf4z1t9pqbww340000gp/T/intellij-shell-env.tmp' 
2020-02-27 11:17:31,084 [    418]   INFO - .intellij.util.EnvironmentUtil - shell environment loaded (18 vars) 
2020-02-27 11:17:32,249 [   1583]   INFO -     #com.intellij.util.ui.JBUI - User scale factor: 1.0 
2020-02-27 11:17:32,615 [   1949]   INFO -     #com.intellij.util.ui.JBUI - System scale factor: 2.0 (JRE-managed HiDPI) 
2020-02-27 11:17:34,024 [   3358]   INFO - .intellij.idea.IdeaApplication - CPU cores: 12; ForkJoinPool.commonPool: java.util.concurrent.ForkJoinPool@36714621[Running, parallelism = 11, size = 0, active = 0, running = 0, steals = 0, tasks = 0, submissions = 0]; factory: com.intellij.concurrency.IdeaForkJoinWorkerThreadFactory@d8e366 
2020-02-27 11:17:35,669 [   5003]   INFO - llij.ide.plugins.PluginManager - Cannot find optional descriptor duplicates-groovy.xml 
2020-02-27 11:17:35,940 [   5274]   INFO - llij.ide.plugins.PluginManager - 36 plugins initialized in 1584 ms 
2020-02-27 11:17:35,940 [   5274]   INFO - llij.ide.plugins.PluginManager - Loaded bundled plugins: Android Support (10.3.1.2), Ant Support (1.0), Bytecode Viewer (0.1), CVS Integration (11), Copyright (8.1), Coverage (183.4284.148), Eclipse Integration (3.0), EditorConfig (183.4284.148), Git Integration (8.1), GitHub (183.4284.148), Gradle (183.4284.148), Groovy (9.0), I18n for Java (183.4284.148), IDEA CORE (183.4284.148), IntelliJ Configuration Script (183.4284.148), IntelliLang (8.0), JUnit (1.0), Java Bytecode Decompiler (183.4284.148), Java Stream Debugger (183.4284.148), JavaFX (1.0), Kotlin (1.3.0-release-IJ2018.3-1), Maven Integration (183.4284.148), Mercurial Integration (10.0), Plugin DevKit (1.0), Properties Support (183.4284.148), Settings Repository (183.4284.148), Smali Support (1.0), Subversion Integration (1.1), Task Management (1.0), Terminal (0.1), TestNG-J (8.0), UI Designer (183.4284.148), XPathView + XSLT Support (4), XSLT-Debugger (1.4), YAML (183.4284.148) 
2020-02-27 11:17:35,940 [   5274]   INFO - llij.ide.plugins.PluginManager - Loaded custom plugins: Plugin display name here (1.0-SNAPSHOT) 
2020-02-27 11:17:38,024 [   7358]   INFO - pi.util.registry.RegistryState - Registry values changed by user: 
2020-02-27 11:17:38,025 [   7359]   INFO - pi.util.registry.RegistryState -   java.completion.argument.hints.internal = false 
2020-02-27 11:17:38,036 [   7370]   INFO - pi.util.registry.RegistryState - Experimental features enabled for user: inline.browse.button 
2020-02-27 11:17:38,068 [   7402]   INFO - ellij.util.io.PagedFileStorage - lower=100; upper=435; buffer=10; max=435 
2020-02-27 11:17:38,123 [   7457]   INFO - pl.local.NativeFileWatcherImpl - Starting file watcher: /Users/ynpan/.gradle/caches/modules-2/files-2.1/com.jetbrains.intellij.idea/ideaIC/2018.3/70e72bdc97f330ebe4f06ad307d8928ea903cf87/ideaIC-2018.3/bin/mac/fsnotifier 
2020-02-27 11:17:38,150 [   7484]   INFO - pl.local.NativeFileWatcherImpl - Native file watcher is operational. 
2020-02-27 11:17:38,966 [   8300]   INFO - j.ide.ui.OptionsTopHitProvider - 113 ms spent to cache options in application 
2020-02-27 11:17:38,966 [   8300]   INFO - .openapi.application.Preloader - com.intellij.ide.ui.OptionsTopHitProvider$Activity took 112 ms 
2020-02-27 11:17:39,015 [   8349]   INFO - til.net.ssl.CertificateManager - Default SSL context initialized 
2020-02-27 11:17:39,027 [   8361]   INFO - rains.ide.BuiltInServerManager - built-in server started, port 63343 
2020-02-27 11:17:39,146 [   8480]   INFO - m.intellij.ui.mac.touchbar.NST - nst library works properly, successfully created and released native touchbar object 
2020-02-27 11:17:39,186 [   8520]   INFO - gs.impl.UpdateCheckerComponent - channel: release 
2020-02-27 11:17:39,437 [   8771]   INFO - il.indexing.FileBasedIndexImpl - Index exts enumerated:193, number of extensions:49 
2020-02-27 11:17:39,447 [   8781]   INFO - il.indexing.FileBasedIndexImpl - Index scheduled:9 
2020-02-27 11:17:39,476 [   8810]   INFO - tellij.psi.stubs.StubIndexImpl - All stub exts enumerated:21, number of extensions:50 
2020-02-27 11:17:39,477 [   8811]   INFO - tellij.psi.stubs.StubIndexImpl - stub exts update scheduled:0 
2020-02-27 11:17:39,871 [   9205]   INFO - plication.impl.ApplicationImpl - 86 application components initialized in 5520ms 
2020-02-27 11:17:39,913 [   9247]   INFO - .intellij.idea.IdeaApplication - App initialization took 10375 ms 
2020-02-27 11:17:39,914 [   9248]   INFO - llij.ide.plugins.PluginManager - org.jetbrains.kotlin loaded 517 classes 
2020-02-27 11:17:39,914 [   9248]   INFO - llij.ide.plugins.PluginManager - org.intellij.groovy loaded 367 classes 
2020-02-27 11:17:39,914 [   9248]   INFO - llij.ide.plugins.PluginManager - org.jetbrains.android loaded 160 classes 
2020-02-27 11:17:39,914 [   9248]   INFO - llij.ide.plugins.PluginManager - org.jetbrains.idea.maven loaded 50 classes 
2020-02-27 11:17:39,914 [   9248]   INFO - llij.ide.plugins.PluginManager - CVS loaded 40 classes 
2020-02-27 11:17:39,914 [   9248]   INFO - llij.ide.plugins.PluginManager - org.jetbrains.settingsRepository loaded 31 classes 
2020-02-27 11:17:39,914 [   9248]   INFO - llij.ide.plugins.PluginManager - com.intellij.properties loaded 23 classes 
2020-02-27 11:17:39,914 [   9248]   INFO - llij.ide.plugins.PluginManager - XPathView loaded 20 classes 
2020-02-27 11:17:39,914 [   9248]   INFO - llij.ide.plugins.PluginManager - Git4Idea loaded 19 classes 
2020-02-27 11:17:39,914 [   9248]   INFO - llij.ide.plugins.PluginManager - org.editorconfig.editorconfigjetbrains loaded 15 classes 
2020-02-27 11:17:39,914 [   9248]   INFO - llij.ide.plugins.PluginManager - org.jetbrains.plugins.yaml loaded 14 classes 
2020-02-27 11:17:39,914 [   9248]   INFO - llij.ide.plugins.PluginManager - hg4idea loaded 13 classes 
2020-02-27 11:17:39,914 [   9248]   INFO - llij.ide.plugins.PluginManager - Subversion loaded 12 classes 
2020-02-27 11:17:39,914 [   9248]   INFO - llij.ide.plugins.PluginManager - com.intellij.tasks loaded 11 classes 
2020-02-27 11:17:39,914 [   9248]   INFO - llij.ide.plugins.PluginManager - com.intellij.uiDesigner loaded 10 classes 
2020-02-27 11:17:39,914 [   9248]   INFO - llij.ide.plugins.PluginManager - org.jetbrains.plugins.javaFX loaded 10 classes 
2020-02-27 11:17:39,914 [   9248]   INFO - llij.ide.plugins.PluginManager - org.jetbrains.plugins.gradle loaded 8 classes 
2020-02-27 11:17:39,914 [   9248]   INFO - llij.ide.plugins.PluginManager - DevKit loaded 7 classes 
2020-02-27 11:17:39,914 [   9248]   INFO - llij.ide.plugins.PluginManager - AntSupport loaded 6 classes 
2020-02-27 11:17:39,914 [   9248]   INFO - llij.ide.plugins.PluginManager - org.jetbrains.plugins.github loaded 5 classes 
2020-02-27 11:17:39,914 [   9248]   INFO - llij.ide.plugins.PluginManager - org.intellij.intelliLang loaded 4 classes 
2020-02-27 11:17:39,914 [   9248]   INFO - llij.ide.plugins.PluginManager - com.android.tools.idea.smali loaded 3 classes 
2020-02-27 11:17:39,914 [   9248]   INFO - llij.ide.plugins.PluginManager - practice.code-review-plugin loaded 2 classes 
2020-02-27 11:17:39,914 [   9248]   INFO - llij.ide.plugins.PluginManager - org.jetbrains.idea.eclipse loaded 2 classes 
2020-02-27 11:17:39,914 [   9248]   INFO - llij.ide.plugins.PluginManager - org.jetbrains.plugins.terminal loaded 2 classes 
2020-02-27 11:17:39,914 [   9248]   INFO - llij.ide.plugins.PluginManager - Coverage loaded 1 classes 
2020-02-27 11:17:39,914 [   9248]   INFO - llij.ide.plugins.PluginManager - com.intellij.copyright loaded 1 classes 
2020-02-27 11:17:39,914 [   9248]   INFO - llij.ide.plugins.PluginManager - com.intellij.java-i18n loaded 1 classes 
2020-02-27 11:17:40,484 [   9818]   INFO - com.intellij.ide.ui.UISettings - Loaded: fontSize=12, fontScale=1.0; restored: fontSize=12, fontScale=1.0 
2020-02-27 11:17:40,782 [  10116]   INFO - j.ide.ui.OptionsTopHitProvider - 504 ms spent on EDT to cache options in application 
2020-02-27 11:17:40,998 [  10332]   INFO - pl$FileIndexDataInitialization - Initialization done:1551 
2020-02-27 11:17:41,180 [  10514]   INFO - .openapi.application.Preloader - com.intellij.openapi.actionSystem.impl.ActionPreloader took 2212 ms 
2020-02-27 11:17:41,526 [  10860]   INFO - exImpl$StubIndexInitialization - Initialization done:528 
2020-02-27 11:17:42,218 [  11552]   INFO - .openapi.application.Preloader - com.intellij.ide.ui.search.SearchableOptionPreloader took 1037 ms 
2020-02-27 11:17:42,410 [  11744]   INFO - .openapi.application.Preloader - com.intellij.codeInsight.completion.CompletionPreloader took 191 ms 
2020-02-27 11:17:42,414 [  11748]   INFO - .openapi.application.Preloader - com.intellij.ide.actions.GotoClassPresentationUpdater took 3 ms 
2020-02-27 11:20:50,040 [ 199374]   INFO - stubs.SerializationManagerImpl - START StubSerializationManager SHUTDOWN 
2020-02-27 11:20:50,041 [ 199375]   INFO - stubs.SerializationManagerImpl - END StubSerializationManager SHUTDOWN 
2020-02-27 11:20:50,041 [ 199375]   INFO - il.indexing.FileBasedIndexImpl - START INDEX SHUTDOWN 
2020-02-27 11:20:50,054 [ 199388]   INFO - il.indexing.FileBasedIndexImpl - END INDEX SHUTDOWN 
2020-02-27 11:20:50,056 [ 199390]   INFO - org.jetbrains.io.BuiltInServer - web server stopped 
2020-02-27 11:20:50,058 [ 199392]   INFO - Types.impl.FileTypeManagerImpl - FileTypeManager: 0 auto-detected files
Elapsed time on auto-detect: 0 ms 
2020-02-27 11:20:50,060 [ 199394]   INFO - pl.local.NativeFileWatcherImpl - Watcher terminated with exit code 0 
2020-02-27 11:20:50,062 [ 199396]   INFO - newvfs.persistent.PersistentFS - VFS dispose started 
2020-02-27 11:20:50,063 [ 199397]   INFO - newvfs.persistent.PersistentFS - VFS dispose completed 
2020-02-27 11:20:50,064 [ 199398]   INFO - plication.impl.ApplicationImpl - Write action Statistics:
Event number:     0
Total time spent: 0ms
Average duration: 0ms
Median  duration: 0ms
Max     duration: 0ms (it was 'null') 
2020-02-27 11:20:50,064 [ 199398]   INFO - plication.impl.ApplicationImpl - AnAction.update() Statistics:
Event number:     12
Total time spent: 0ms
Average duration: 0ms
Median  duration: 0ms
Max     duration: 0ms (it was 'null') 
2020-02-27 11:20:50,064 [ 199398]   INFO - plication.impl.ApplicationImpl - Global instance threads created counter = 15; ProcessIOExecutorService threads: 6 
2020-02-27 11:20:50,065 [ 199399]   INFO -        #com.intellij.idea.Main - ------------------------------------------------------ IDE SHUTDOWN ------------------------------------------------------ 
2020-02-27 11:20:50,067 [ 199401]   INFO - org.jetbrains.io.BuiltInServer - web server stopped 
2020-03-04 15:29:55,790 [      0]   INFO -        #com.intellij.idea.Main - ------------------------------------------------------ IDE STARTED ------------------------------------------------------ 
2020-03-04 15:29:55,818 [     28]   INFO -        #com.intellij.idea.Main - IDE: IntelliJ IDEA (build #IC-183.4284.148, 21 Nov 2018 14:55) 
2020-03-04 15:29:55,818 [     28]   INFO -        #com.intellij.idea.Main - OS: Mac OS X (10.14.6, x86_64) 
2020-03-04 15:29:55,818 [     28]   INFO -        #com.intellij.idea.Main - JRE: 1.8.0_152-release-1343-b15 (JetBrains s.r.o) 
2020-03-04 15:29:55,818 [     28]   INFO -        #com.intellij.idea.Main - JVM: 25.152-b15 (OpenJDK 64-Bit Server VM) 
2020-03-04 15:29:55,829 [     39]   INFO -        #com.intellij.idea.Main - JVM Args: -Dapple.awt.fileDialogForDirectories=true -Dapple.laf.useScreenMenuBar=true -Didea.classpath.index.enabled=false -Didea.config.path=/Users/ynpan/IdeaProjects/code-review-plugin/build/idea-sandbox/config -Didea.is.internal=true -Didea.platform.prefix=Idea -Didea.plugins.path=/Users/ynpan/IdeaProjects/code-review-plugin/build/idea-sandbox/plugins -Didea.required.plugins.id=practice.code-review-plugin -Didea.smooth.progress=false -Didea.system.path=/Users/ynpan/IdeaProjects/code-review-plugin/build/idea-sandbox/system -Xms256m -Xmx512m -Dfile.encoding=UTF-8 -Duser.country=CN -Duser.language=en -Duser.variant -ea 
2020-03-04 15:29:55,829 [     39]   INFO -        #com.intellij.idea.Main - ext: /Users/ynpan/.gradle/caches/modules-2/files-2.1/com.jetbrains/jbre/jbrex8u152b1343.15_osx_x64/jdk/Contents/Home/jre/lib/ext: [sunec.jar, nashorn.jar, cldrdata.jar, jfxrt.jar, dnsns.jar, localedata.jar, sunjce_provider.jar, meta-index, sunpkcs11.jar, jaccess.jar, zipfs.jar] 
2020-03-04 15:29:55,829 [     39]   INFO -        #com.intellij.idea.Main - ext: /System/Library/Java/Extensions: [MRJToolkit.jar] 
2020-03-04 15:29:55,829 [     39]   INFO -        #com.intellij.idea.Main - charsets: JNU=UTF-8 file=UTF-8 
2020-03-04 15:29:55,848 [     58]   INFO -        #com.intellij.idea.Main - JNA library (64-bit) loaded in 18 ms 
2020-03-04 15:29:55,876 [     86]   INFO -        #com.intellij.idea.Main - initializing environment 
2020-03-04 15:29:55,877 [     87]   INFO - .intellij.util.EnvironmentUtil - loading shell env: /bin/zsh -l -i -c '/Users/ynpan/.gradle/caches/modules-2/files-2.1/com.jetbrains.intellij.idea/ideaIC/2018.3/70e72bdc97f330ebe4f06ad307d8928ea903cf87/ideaIC-2018.3/bin/printenv.py' '/private/var/folders/gg/vrrf_s6s1gxf4z1t9pqbww340000gp/T/intellij-shell-env.tmp' 
2020-03-04 15:29:56,059 [    269]   INFO -     #com.intellij.util.ui.JBUI - User scale factor: 1.0 
2020-03-04 15:29:56,126 [    336]   INFO - .intellij.util.EnvironmentUtil - shell environment loaded (18 vars) 
2020-03-04 15:29:56,380 [    590]   INFO -     #com.intellij.util.ui.JBUI - System scale factor: 2.0 (JRE-managed HiDPI) 
2020-03-04 15:29:57,621 [   1831]   INFO - .intellij.idea.IdeaApplication - CPU cores: 12; ForkJoinPool.commonPool: java.util.concurrent.ForkJoinPool@3fbba666[Running, parallelism = 11, size = 0, active = 0, running = 0, steals = 0, tasks = 0, submissions = 0]; factory: com.intellij.concurrency.IdeaForkJoinWorkerThreadFactory@199d0e1c 
2020-03-04 15:29:58,959 [   3169]   INFO - llij.ide.plugins.PluginManager - Cannot find optional descriptor duplicates-groovy.xml 
2020-03-04 15:29:59,182 [   3392]   INFO - llij.ide.plugins.PluginManager - 36 plugins initialized in 1281 ms 
2020-03-04 15:29:59,183 [   3393]   INFO - llij.ide.plugins.PluginManager - Loaded bundled plugins: Android Support (10.3.1.2), Ant Support (1.0), Bytecode Viewer (0.1), CVS Integration (11), Copyright (8.1), Coverage (183.4284.148), Eclipse Integration (3.0), EditorConfig (183.4284.148), Git Integration (8.1), GitHub (183.4284.148), Gradle (183.4284.148), Groovy (9.0), I18n for Java (183.4284.148), IDEA CORE (183.4284.148), IntelliJ Configuration Script (183.4284.148), IntelliLang (8.0), JUnit (1.0), Java Bytecode Decompiler (183.4284.148), Java Stream Debugger (183.4284.148), JavaFX (1.0), Kotlin (1.3.0-release-IJ2018.3-1), Maven Integration (183.4284.148), Mercurial Integration (10.0), Plugin DevKit (1.0), Properties Support (183.4284.148), Settings Repository (183.4284.148), Smali Support (1.0), Subversion Integration (1.1), Task Management (1.0), Terminal (0.1), TestNG-J (8.0), UI Designer (183.4284.148), XPathView + XSLT Support (4), XSLT-Debugger (1.4), YAML (183.4284.148) 
2020-03-04 15:29:59,183 [   3393]   INFO - llij.ide.plugins.PluginManager - Loaded custom plugins: Plugin display name here (1.0-SNAPSHOT) 
2020-03-04 15:30:01,068 [   5278]   INFO - pi.util.registry.RegistryState - Registry values changed by user: 
2020-03-04 15:30:01,068 [   5278]   INFO - pi.util.registry.RegistryState -   java.completion.argument.hints.internal = false 
2020-03-04 15:30:01,078 [   5288]   INFO - pi.util.registry.RegistryState - Experimental features enabled for user: inline.browse.button 
2020-03-04 15:30:01,106 [   5316]   INFO - ellij.util.io.PagedFileStorage - lower=100; upper=435; buffer=10; max=435 
2020-03-04 15:30:01,160 [   5370]   INFO - pl.local.NativeFileWatcherImpl - Starting file watcher: /Users/ynpan/.gradle/caches/modules-2/files-2.1/com.jetbrains.intellij.idea/ideaIC/2018.3/70e72bdc97f330ebe4f06ad307d8928ea903cf87/ideaIC-2018.3/bin/mac/fsnotifier 
2020-03-04 15:30:01,173 [   5383]   INFO - pl.local.NativeFileWatcherImpl - Native file watcher is operational. 
2020-03-04 15:30:01,880 [   6090]   INFO - j.ide.ui.OptionsTopHitProvider - 98 ms spent to cache options in application 
2020-03-04 15:30:01,880 [   6090]   INFO - .openapi.application.Preloader - com.intellij.ide.ui.OptionsTopHitProvider$Activity took 98 ms 
2020-03-04 15:30:01,891 [   6101]   INFO - til.net.ssl.CertificateManager - Default SSL context initialized 
2020-03-04 15:30:01,901 [   6111]   INFO - rains.ide.BuiltInServerManager - built-in server started, port 63343 
2020-03-04 15:30:01,966 [   6176]   INFO - m.intellij.ui.mac.touchbar.NST - nst library works properly, successfully created and released native touchbar object 
2020-03-04 15:30:01,998 [   6208]   INFO - gs.impl.UpdateCheckerComponent - channel: release 
2020-03-04 15:30:02,118 [   6328]   INFO - il.indexing.FileBasedIndexImpl - Index exts enumerated:64, number of extensions:49 
2020-03-04 15:30:02,125 [   6335]   INFO - il.indexing.FileBasedIndexImpl - Index scheduled:7 
2020-03-04 15:30:02,257 [   6467]   INFO - tellij.psi.stubs.StubIndexImpl - All stub exts enumerated:123, number of extensions:50 
2020-03-04 15:30:02,258 [   6468]   INFO - tellij.psi.stubs.StubIndexImpl - stub exts update scheduled:0 
2020-03-04 15:30:02,536 [   6746]   INFO - plication.impl.ApplicationImpl - 85 application components initialized in 4638ms 
2020-03-04 15:30:02,570 [   6780]   INFO - .intellij.idea.IdeaApplication - App initialization took 7673 ms 
2020-03-04 15:30:02,571 [   6781]   INFO - llij.ide.plugins.PluginManager - org.intellij.groovy loaded 360 classes 
2020-03-04 15:30:02,571 [   6781]   INFO - llij.ide.plugins.PluginManager - org.jetbrains.kotlin loaded 185 classes 
2020-03-04 15:30:02,571 [   6781]   INFO - llij.ide.plugins.PluginManager - org.jetbrains.android loaded 135 classes 
2020-03-04 15:30:02,571 [   6781]   INFO - llij.ide.plugins.PluginManager - org.jetbrains.idea.maven loaded 44 classes 
2020-03-04 15:30:02,571 [   6781]   INFO - llij.ide.plugins.PluginManager - CVS loaded 38 classes 
2020-03-04 15:30:02,571 [   6781]   INFO - llij.ide.plugins.PluginManager - org.jetbrains.settingsRepository loaded 30 classes 
2020-03-04 15:30:02,571 [   6781]   INFO - llij.ide.plugins.PluginManager - com.intellij.properties loaded 21 classes 
2020-03-04 15:30:02,571 [   6781]   INFO - llij.ide.plugins.PluginManager - XPathView loaded 20 classes 
2020-03-04 15:30:02,571 [   6781]   INFO - llij.ide.plugins.PluginManager - org.editorconfig.editorconfigjetbrains loaded 15 classes 
2020-03-04 15:30:02,571 [   6781]   INFO - llij.ide.plugins.PluginManager - hg4idea loaded 13 classes 
2020-03-04 15:30:02,571 [   6781]   INFO - llij.ide.plugins.PluginManager - Subversion loaded 12 classes 
2020-03-04 15:30:02,571 [   6781]   INFO - llij.ide.plugins.PluginManager - com.intellij.tasks loaded 11 classes 
2020-03-04 15:30:02,571 [   6781]   INFO - llij.ide.plugins.PluginManager - Git4Idea loaded 11 classes 
2020-03-04 15:30:02,571 [   6781]   INFO - llij.ide.plugins.PluginManager - org.jetbrains.plugins.javaFX loaded 10 classes 
2020-03-04 15:30:02,571 [   6781]   INFO - llij.ide.plugins.PluginManager - com.intellij.uiDesigner loaded 9 classes 
2020-03-04 15:30:02,571 [   6781]   INFO - llij.ide.plugins.PluginManager - DevKit loaded 7 classes 
2020-03-04 15:30:02,571 [   6781]   INFO - llij.ide.plugins.PluginManager - AntSupport loaded 6 classes 
2020-03-04 15:30:02,571 [   6781]   INFO - llij.ide.plugins.PluginManager - org.jetbrains.plugins.gradle loaded 5 classes 
2020-03-04 15:30:02,571 [   6781]   INFO - llij.ide.plugins.PluginManager - org.jetbrains.plugins.yaml loaded 5 classes 
2020-03-04 15:30:02,571 [   6781]   INFO - llij.ide.plugins.PluginManager - org.jetbrains.plugins.github loaded 5 classes 
2020-03-04 15:30:02,571 [   6781]   INFO - llij.ide.plugins.PluginManager - org.intellij.intelliLang loaded 4 classes 
2020-03-04 15:30:02,571 [   6781]   INFO - llij.ide.plugins.PluginManager - com.android.tools.idea.smali loaded 3 classes 
2020-03-04 15:30:02,572 [   6782]   INFO - llij.ide.plugins.PluginManager - org.jetbrains.idea.eclipse loaded 2 classes 
2020-03-04 15:30:02,572 [   6782]   INFO - llij.ide.plugins.PluginManager - com.intellij.java-i18n loaded 1 classes 
2020-03-04 15:30:02,572 [   6782]   INFO - llij.ide.plugins.PluginManager - com.intellij.copyright loaded 1 classes 
2020-03-04 15:30:02,572 [   6782]   INFO - llij.ide.plugins.PluginManager - practice.code-review-plugin loaded 1 classes 
2020-03-04 15:30:02,572 [   6782]   INFO - llij.ide.plugins.PluginManager - Coverage loaded 1 classes 
2020-03-04 15:30:03,079 [   7289]   INFO - com.intellij.ide.ui.UISettings - Loaded: fontSize=12, fontScale=1.0; restored: fontSize=12, fontScale=1.0 
2020-03-04 15:30:03,335 [   7545]   INFO - j.ide.ui.OptionsTopHitProvider - 421 ms spent on EDT to cache options in application 
2020-03-04 15:30:03,702 [   7912]   INFO - pl$FileIndexDataInitialization - Initialization done:1576 
2020-03-04 15:30:04,006 [   8216]   INFO - .openapi.application.Preloader - com.intellij.openapi.actionSystem.impl.ActionPreloader took 2124 ms 
2020-03-04 15:30:04,165 [   8375]   INFO - exImpl$StubIndexInitialization - Initialization done:463 
2020-03-04 15:30:04,705 [   8915]   INFO - .openapi.application.Preloader - com.intellij.ide.ui.search.SearchableOptionPreloader took 698 ms 
2020-03-04 15:30:04,856 [   9066]   INFO - .openapi.application.Preloader - com.intellij.codeInsight.completion.CompletionPreloader took 150 ms 
2020-03-04 15:30:04,859 [   9069]   INFO - .openapi.application.Preloader - com.intellij.ide.actions.GotoClassPresentationUpdater took 3 ms 
2020-03-04 15:30:06,444 [  10654]   INFO - stubs.SerializationManagerImpl - START StubSerializationManager SHUTDOWN 
2020-03-04 15:30:06,445 [  10655]   INFO - stubs.SerializationManagerImpl - END StubSerializationManager SHUTDOWN 
2020-03-04 15:30:06,445 [  10655]   INFO - il.indexing.FileBasedIndexImpl - START INDEX SHUTDOWN 
2020-03-04 15:30:06,459 [  10669]   INFO - il.indexing.FileBasedIndexImpl - END INDEX SHUTDOWN 
2020-03-04 15:30:06,460 [  10670]   INFO - org.jetbrains.io.BuiltInServer - web server stopped 
2020-03-04 15:30:06,463 [  10673]   INFO - Types.impl.FileTypeManagerImpl - FileTypeManager: 0 auto-detected files
Elapsed time on auto-detect: 0 ms 
2020-03-04 15:30:06,465 [  10675]   INFO - pl.local.NativeFileWatcherImpl - Watcher terminated with exit code 0 
2020-03-04 15:30:06,466 [  10676]   INFO - newvfs.persistent.PersistentFS - VFS dispose started 
2020-03-04 15:30:06,467 [  10677]   INFO - newvfs.persistent.PersistentFS - VFS dispose completed 
2020-03-04 15:30:06,468 [  10678]   INFO - plication.impl.ApplicationImpl - Write action Statistics:
Event number:     0
Total time spent: 0ms
Average duration: 0ms
Median  duration: 0ms
Max     duration: 0ms (it was 'null') 
2020-03-04 15:30:06,468 [  10678]   INFO - plication.impl.ApplicationImpl - AnAction.update() Statistics:
Event number:     28
Total time spent: 0ms
Average duration: 0ms
Median  duration: 0ms
Max     duration: 0ms (it was 'null') 
2020-03-04 15:30:06,468 [  10678]   INFO - plication.impl.ApplicationImpl - Global instance threads created counter = 11; ProcessIOExecutorService threads: 6 
2020-03-04 15:30:06,469 [  10679]   INFO -        #com.intellij.idea.Main - ------------------------------------------------------ IDE SHUTDOWN ------------------------------------------------------ 
2020-03-04 15:30:06,470 [  10680]   INFO - org.jetbrains.io.BuiltInServer - web server stopped 
